0 info it worked if it ends with ok
1 verbose cli [ '/Users/ericberlin/.nvm/versions/node/v6.2.1/bin/node',
1 verbose cli   '/Users/ericberlin/.nvm/versions/node/v6.2.1/bin/npm',
1 verbose cli   'start' ]
2 info using npm@3.9.3
3 info using node@v6.2.1
4 verbose run-script [ 'prestart', 'start', 'poststart' ]
5 info lifecycle socket-server@1.0.0~prestart: socket-server@1.0.0
6 silly lifecycle socket-server@1.0.0~prestart: no script for prestart, continuing
7 info lifecycle socket-server@1.0.0~start: socket-server@1.0.0
8 verbose lifecycle socket-server@1.0.0~start: unsafe-perm in lifecycle true
9 verbose lifecycle socket-server@1.0.0~start: PATH: /Users/ericberlin/.nvm/versions/node/v6.2.1/lib/node_modules/npm/bin/node-gyp-bin:/Users/ericberlin/Sites/Cours/nodejs/sauver-francois/node_modules/.bin:/Users/ericberlin/.nvm/versions/node/v6.2.1/bin:/Users/ericberlin/.nvm/versions/node/v6.2.1/bin:/opt/local/bin:/opt/local/sbin:/Users/ericberlin/Library/Android/sdk/platform-tools/:/Users/ericberlin/Library/Android/sdk/tools/:/Users/ericberlin/.go/bin:/usr/local/bin:/usr/bin:/bin:/usr/sbin:/sbin:/usr/local/git/bin:/usr/local/go/bin:/usr/local/go/bin:/usr/local/mysql/bin
10 verbose lifecycle socket-server@1.0.0~start: CWD: /Users/ericberlin/Sites/Cours/nodejs/sauver-francois
11 silly lifecycle socket-server@1.0.0~start: Args: [ '-c', 'supervisor app.js' ]
12 silly lifecycle socket-server@1.0.0~start: Returned: code: 1  signal: null
13 info lifecycle socket-server@1.0.0~start: Failed to exec start script
14 verbose stack Error: socket-server@1.0.0 start: `supervisor app.js`
14 verbose stack Exit status 1
14 verbose stack     at EventEmitter.<anonymous> (/Users/ericberlin/.nvm/versions/node/v6.2.1/lib/node_modules/npm/lib/utils/lifecycle.js:245:16)
14 verbose stack     at emitTwo (events.js:106:13)
14 verbose stack     at EventEmitter.emit (events.js:191:7)
14 verbose stack     at ChildProcess.<anonymous> (/Users/ericberlin/.nvm/versions/node/v6.2.1/lib/node_modules/npm/lib/utils/spawn.js:24:14)
14 verbose stack     at emitTwo (events.js:106:13)
14 verbose stack     at ChildProcess.emit (events.js:191:7)
14 verbose stack     at maybeClose (internal/child_process.js:852:16)
14 verbose stack     at Process.ChildProcess._handle.onexit (internal/child_process.js:215:5)
15 verbose pkgid socket-server@1.0.0
16 verbose cwd /Users/ericberlin/Sites/Cours/nodejs/sauver-francois
17 error Darwin 15.4.0
18 error argv "/Users/ericberlin/.nvm/versions/node/v6.2.1/bin/node" "/Users/ericberlin/.nvm/versions/node/v6.2.1/bin/npm" "start"
19 error node v6.2.1
20 error npm  v3.9.3
21 error code ELIFECYCLE
22 error socket-server@1.0.0 start: `supervisor app.js`
22 error Exit status 1
23 error Failed at the socket-server@1.0.0 start script 'supervisor app.js'.
23 error Make sure you have the latest version of node.js and npm installed.
23 error If you do, this is most likely a problem with the socket-server package,
23 error not with npm itself.
23 error Tell the author that this fails on your system:
23 error     supervisor app.js
23 error You can get information on how to open an issue for this project with:
23 error     npm bugs socket-server
23 error Or if that isn't available, you can get their info via:
23 error     npm owner ls socket-server
23 error There is likely additional logging output above.
24 verbose exit [ 1, true ]
